[18:19:25] [ServerMain/INFO]: Environment: authHost='https://authserver.mojang.com', accountsHost='https://api.mojang.com', sessionHost='https://sessionserver.mojang.com', servicesHost='https://api.minecraftservices.com', name='PROD'
[18:19:25] [ServerMain/INFO]: Reloading ResourceManager: Default, coordinates hud v1.2.0.zip, custom villager shops v1.2.0.zip, homes v1.5.1.zip, more mob heads v2.9.2.zip, player head drops v1.1.0.zip, tpa v2.3.0.zip, worldedit-datapack.zip, bukkit, UnOwenWasHer.zip, Alone.zip, Megalovania.zip, asgore.zip, TaronCo.zip, Kahoot.zip
[18:19:27] [Worker-Main-1/INFO]: Loaded 7 recipes
[18:19:27] [Worker-Main-1/WARN]: Found validation problem in {minecraft:entities/ender_dragon}.pools[0].entries[0]: Unknown loot table called minecraft:entities/reference/extra/ender_dragon
[18:19:27] [Worker-Main-1/WARN]: Found validation problem in {minecraft:entities/shulker}.pools[2].entries[0]: Unknown loot table called minecraft:entities/reference/extra/shulker
[18:19:28] [Server thread/INFO]: Starting minecraft server version 1.18.1
[18:19:28] [Server thread/INFO]: Loading properties
[18:19:28] [Server thread/INFO]: This server is running Paper version git-Paper-79 (MC: 1.18.1) (Implementing API version 1.18.1-R0.1-SNAPSHOT) (Git: 4b0b725)
[18:19:28] [Server thread/INFO]: Server Ping Player Sample Count: 12
[18:19:28] [Server thread/INFO]: Using 4 threads for Netty based IO
[18:19:28] [Server thread/INFO]: Default game type: SURVIVAL
[18:19:28] [Server thread/INFO]: Generating keypair
[18:19:28] [Server thread/INFO]: Starting Minecraft server on *:25565
[18:19:28] [Server thread/INFO]: Using default channel type
[18:19:28] [Server thread/INFO]: Paper: Using Java 11 compression from Velocity.
[18:19:28] [Server thread/INFO]: Paper: Using Java cipher from Velocity.
[18:19:30] [Server thread/INFO]: [GMusic] Loading GMusic v[2.6.1.0]
[18:19:30] [Server thread/INFO]: [LuckPerms] Loading LuckPerms v5.3.86
[18:19:30] [Server thread/INFO]: [SkinsRestorer] Loading SkinsRestorer v14.1.10
[18:19:30] [Server thread/INFO]: [JoinLeaveMessages] Loading JoinLeaveMessages v3.6.7
[18:19:30] [Server thread/INFO]: [HolographicDisplays] Loading HolographicDisplays v3.0.0-SNAPSHOT
[18:19:30] [Server thread/INFO]: [InvSee++] Loading InvSeePlusPlus v0.10.5-SNAPSHOT
[18:19:30] [Server thread/INFO]: [Vault] Loading Vault v1.7.3-b131
[18:19:30] [Server thread/INFO]: [EpicRename] Loading EpicRename v3.10.1
[18:19:30] [Server thread/INFO]: [WorldEdit] Loading WorldEdit v7.2.8+6008-1246d61
[18:19:30] [Server thread/INFO]: Got request to register class com.sk89q.worldedit.bukkit.BukkitServerInterface with WorldEdit [com.sk89q.worldedit.extension.platform.PlatformManager@1f7cbe75]
[18:19:30] [Server thread/INFO]: [Essentials] Loading Essentials v2.19.3-dev+7-bb88a6a
[18:19:30] [Server thread/INFO]: [EssentialsChat] Loading EssentialsChat v2.19.3-dev+7-bb88a6a
[18:19:30] [Server thread/INFO]: [DiscordSRV] Loading DiscordSRV v1.24.0
[18:19:30] [Server thread/INFO]: Server permissions file permissions.yml is empty, ignoring it
[18:19:30] [Server thread/INFO]: [LuckPerms] Enabling LuckPerms v5.3.86
[18:19:31] [Server thread/INFO]:         __    
[18:19:31] [Server thread/INFO]:   |    |__)   LuckPerms v5.3.86
[18:19:31] [Server thread/INFO]:   |___ |      Running on Bukkit - Paper
[18:19:31] [Server thread/INFO]: 
[18:19:31] [Server thread/INFO]: [LuckPerms] Loading configuration...
[18:19:31] [Server thread/INFO]: [LuckPerms] Loading storage provider... [H2]
[18:19:32] [Server thread/INFO]: [LuckPerms] Loading internal permission managers...
[18:19:32] [Server thread/INFO]: [LuckPerms] Performing initial data load...
[18:19:32] [Server thread/INFO]: [LuckPerms] Successfully enabled. (took 1504ms)
[18:19:32] [Server thread/INFO]: [Vault] Enabling Vault v1.7.3-b131
[18:19:32] [Server thread/WARN]: [Vault] Loaded class com.earth2me.essentials.api.Economy from Essentials v2.19.3-dev+7-bb88a6a which is not a depend, softdepend or loadbefore of this plugin.
[18:19:32] [Server thread/INFO]: [Vault] [Economy] Essentials Economy found: Waiting
[18:19:32] [Server thread/INFO]: [Vault] [Permission] SuperPermissions loaded as backup permission system.
[18:19:32] [Server thread/INFO]: [Vault] Enabled Version 1.7.3-b131
[18:19:32] [Server thread/INFO]: [LuckPerms] Registered Vault permission & chat hook.
[18:19:32] [Server thread/INFO]: [WorldEdit] Enabling WorldEdit v7.2.8+6008-1246d61
[18:19:32] [Server thread/INFO]: Registering commands with com.sk89q.worldedit.bukkit.BukkitServerInterface
[18:19:32] [Server thread/INFO]: WEPIF: Vault detected! Using Vault for permissions
[18:19:32] [Server thread/INFO]: Using com.sk89q.worldedit.bukkit.adapter.impl.v1_18_R1.PaperweightAdapter as the Bukkit adapter
[18:19:34] [Server thread/INFO]: Preparing level "world"
[18:19:35] [Server thread/INFO]: Preparing start region for dimension minecraft:overworld
[18:19:35] [Server thread/INFO]: Time elapsed: 284 ms
[18:19:35] [Server thread/INFO]: Preparing start region for dimension minecraft:the_nether
[18:19:36] [Server thread/INFO]: Time elapsed: 135 ms
[18:19:36] [Server thread/INFO]: Preparing start region for dimension minecraft:the_end
[18:19:36] [Server thread/INFO]: Time elapsed: 138 ms
[18:19:36] [Server thread/INFO]: [GMusic] Enabling GMusic v[2.6.1.0]
[18:19:36] [Server thread/INFO]: [GMusic] The Plugin was successfully enabled.
[18:19:36] [Server thread/INFO]: [SkinsRestorer] Enabling SkinsRestorer v14.1.10
[18:19:37] [Server thread/INFO]: [SkinsRestorer] Using PaperSkinRefresher
[18:19:37] [Server thread/INFO]: [SkinsRestorer] Detected Minecraft v1_18_R1, using PaperSkinRefresher.
[18:19:37] [Server thread/INFO]: [SkinsRestorer] [ACF] Enabled Asynchronous Tab Completion Support!
[18:19:40] [Server thread/INFO]: [JoinLeaveMessages] Enabling JoinLeaveMessages v3.6.7
[18:19:40] [Server thread/INFO]: --------------------------------------------
[18:19:40] [Server thread/INFO]:            JoinLeaveMessages
[18:19:40] [Server thread/INFO]:             by outbuilding
[18:19:40] [Server thread/INFO]:             is now Enabled!
[18:19:40] [Server thread/INFO]:         https://docs.joinleavemessages.ga/
[18:19:40] [Server thread/INFO]:         https://someonesplugins.ga/discord/
[18:19:40] [Server thread/INFO]:                  v3.6.7
[18:19:40] [Server thread/INFO]: --------------------------------------------
[18:19:40] [Server thread/INFO]: [HolographicDisplays] Enabling HolographicDisplays v3.0.0-SNAPSHOT
[18:19:40] [Server thread/INFO]: [InvSee++] Enabling InvSeePlusPlus v0.10.5-SNAPSHOT
[18:19:40] [Server thread/INFO]: [EpicRename] Enabling EpicRename v3.10.1
[18:19:40] [Server thread/INFO]: [EpicRename] [CheckServerVersion] Server running 1.16 or newer. Hex color code support has been enabled.
[18:19:40] [Server thread/INFO]: [EpicRename] Version: 3.10.1 MC Version: ONE_DOT_SIXTEEN_OR_NEWER
[18:19:40] [Server thread/INFO]: [EpicRename] This plugin is Copyright (c) 2021 Justin "JustBru00" Brubaker. This plugin is licensed under the MPL v2.0. You can view a copy of it at: http://bit.ly/2eMknxx
[18:19:40] [Server thread/INFO]: [EpicRename] Starting to enable plugin...
[18:19:40] [Server thread/INFO]: | Prefix set to: '| '
[18:19:40] [Server thread/INFO]: | Plugin Enabled!
[18:19:40] [Server thread/INFO]: [Essentials] Enabling Essentials v2.19.3-dev+7-bb88a6a
[18:19:40] [Server thread/INFO]: [Essentials] Attempting to convert old kits in config.yml to new kits.yml
[18:19:40] [Server thread/INFO]: [Essentials] No kits found to migrate.
[18:19:40] [Server thread/INFO]: [Essentials] Loaded 36926 items from items.json.
[18:19:40] [Server thread/INFO]: [Essentials] Using locale en_US
[18:19:40] [Server thread/INFO]: [Essentials] ServerListPingEvent: Spigot iterator API
[18:19:40] [Server thread/INFO]: [Essentials] Starting Metrics. Opt-out using the global bStats config.
[18:19:40] [Server thread/INFO]: [Vault] [Economy] Essentials Economy hooked.
[18:19:40] [Server thread/INFO]: [Essentials] Using Vault based permissions (LuckPerms)
[18:19:40] [Server thread/INFO]: [EssentialsChat] Enabling EssentialsChat v2.19.3-dev+7-bb88a6a
[18:19:40] [Server thread/INFO]: [EssentialsChat] Starting Metrics. Opt-out using the global bStats config.
[18:19:40] [Server thread/INFO]: [DiscordSRV] Enabling DiscordSRV v1.24.0
[18:19:41] [Server thread/INFO]: Starting GS4 status listener
[18:19:41] [Server thread/INFO]: Thread Query Listener started
[18:19:41] [Query Listener #1/INFO]: Query running on 0.0.0.0:25565
[18:19:41] [Server thread/INFO]: Running delayed init tasks
[18:19:41] [Craft Scheduler Thread - 5 - Essentials/INFO]: [Essentials] Fetching version information...
[18:19:41] [Server thread/INFO]: [Essentials] Essentials found a compatible payment resolution method: Vault Compatibility Layer (v1.7.3-b131)!
[18:19:41] [Server thread/INFO]: Done (12.749s)! For help, type "help"
[18:19:41] [Server thread/INFO]: Timings Reset
[18:19:41] [Craft Scheduler Thread - 9 - Vault/INFO]: [Vault] Checking for Updates ... 
[18:19:41] [Craft Scheduler Thread - 0 - JoinLeaveMessages/INFO]: [JoinLeaveMessages] There is a new update available. You can download it at: https://www.spigotmc.org/resources/joinleavemessages-gui-controlled-sounds-titles-multi-language-1-13x-1-17x.93576/
[18:19:41] [Craft Scheduler Thread - 3 - SkinsRestorer/INFO]: [SkinsRestorer] ----------------------------------------------
[18:19:41] [Craft Scheduler Thread - 3 - SkinsRestorer/INFO]: [SkinsRestorer]     +==================+
[18:19:41] [Craft Scheduler Thread - 3 - SkinsRestorer/INFO]: [SkinsRestorer]     |   SkinsRestorer  |
[18:19:41] [Craft Scheduler Thread - 3 - SkinsRestorer/INFO]: [SkinsRestorer]     |------------------|
[18:19:41] [Craft Scheduler Thread - 3 - SkinsRestorer/INFO]: [SkinsRestorer]     |  Standalone Mode |
[18:19:41] [Craft Scheduler Thread - 3 - SkinsRestorer/INFO]: [SkinsRestorer]     +==================+
[18:19:41] [Craft Scheduler Thread - 3 - SkinsRestorer/INFO]: [SkinsRestorer] ----------------------------------------------
[18:19:41] [Craft Scheduler Thread - 3 - SkinsRestorer/INFO]: [SkinsRestorer]     Current version: 14.1.10
[18:19:41] [Craft Scheduler Thread - 3 - SkinsRestorer/INFO]: [SkinsRestorer]     This is the latest version!
[18:19:41] [Craft Scheduler Thread - 3 - SkinsRestorer/INFO]: [SkinsRestorer] ----------------------------------------------
[18:19:41] [Server thread/INFO]: com.mojang.authlib.GameProfile@51dd0240[id=<null>,name=Baaron1,properties={},legacy=false] (/73.25.79.140:63291) lost connection: Disconnected
[18:19:41] [Craft Scheduler Thread - 9 - Vault/INFO]: [Vault] No new version available
[18:19:42] [DiscordSRV - Initialization/INFO]: [DiscordSRV] [JDA] Login Successful!
[18:19:42] [JDA MainWS-ReadThread/INFO]: [DiscordSRV] [JDA] Connected to WebSocket
[18:19:42] [pool-20-thread-1/INFO]: [DiscordSRV] DiscordSRV is up-to-date. (1d08598206b1af5dcc29e411cead8e152e4c3f94)
[18:19:43] [JDA MainWS-ReadThread/INFO]: [DiscordSRV] [JDA] Finished Loading!
[18:19:43] [DiscordSRV - Initialization/INFO]: [DiscordSRV] Found server G:Takarans of Minecraft(863491459189440562)
[18:19:43] [DiscordSRV - Initialization/INFO]: [DiscordSRV] - TC:rules(880907742766854204)
[18:19:43] [DiscordSRV - Initialization/INFO]: [DiscordSRV] - TC:info(921512323649273926)
[18:19:43] [DiscordSRV - Initialization/INFO]: [DiscordSRV] - TC:billboard(927396613654216794)
[18:19:43] [DiscordSRV - Initialization/INFO]: [DiscordSRV] - TC:the-long-log(880905038145409024)
[18:19:43] [DiscordSRV - Initialization/INFO]: [DiscordSRV] - TC:takara(926631899101814876)
[18:19:43] [DiscordSRV - Initialization/INFO]: [DiscordSRV] - TC:mc-chat(926632362215882793)
[18:19:43] [DiscordSRV - Initialization/INFO]: [DiscordSRV] - TC:memes(923334266006409266)
[18:19:43] [DiscordSRV - Initialization/INFO]: [DiscordSRV] - TC:suggest-songs(925908001452331008)
[18:19:43] [DiscordSRV - Initialization/INFO]: [DiscordSRV] Console forwarding assigned to channel TC:the-long-log(880905038145409024)
[18:19:43] [DiscordSRV - Initialization/INFO]: [DiscordSRV] Enabling Essentials hook
[18:19:43] [DiscordSRV - Initialization/INFO]: [DiscordSRV] Enabling LuckPerms hook
[18:19:43] [DiscordSRV - Initialization/INFO]: [DiscordSRV] No chat plugin hooks enabled
[18:19:49] [Server thread/INFO]: com.mojang.authlib.GameProfile@40a5cfa2[id=<null>,name=gravitygoesdown,properties={},legacy=false] (/127.0.0.1:57046) lost connection: Disconnected
[18:19:56] [User Authenticator #1/INFO]: UUID of player Baaron1 is 709d58e1-f011-4954-91ce-81fccc65fb68
[18:19:56] [Server thread/ERROR]: Could not pass event PlayerJoinEvent to JoinLeaveMessages v3.6.7
java.lang.IllegalArgumentException: No enum constant org.bukkit.Sound.BLOCK.END_PORTAL_FRAME.FILL
	at java.lang.Enum.valueOf(Enum.java:273) ~[?:?]
	at org.bukkit.Sound.valueOf(Sound.java:13) ~[paper-api-1.18.1-R0.1-SNAPSHOT.jar:?]
	at vb.$joinleavemessages.PluginMain.onPlayerJoinEvent2(PluginMain.java:1867) ~[joinleavemessages-3.6.7.jar:?]
	at com.destroystokyo.paper.event.executor.asm.generated.GeneratedEventExecutor34.execute(Unknown Source) ~[?:?]
	at org.bukkit.plugin.EventExecutor.lambda$create$1(EventExecutor.java:69) ~[paper-api-1.18.1-R0.1-SNAPSHOT.jar:?]
	at co.aikar.timings.TimedEventExecutor.execute(TimedEventExecutor.java:80) ~[paper-api-1.18.1-R0.1-SNAPSHOT.jar:git-Paper-79]
	at org.bukkit.plugin.RegisteredListener.callEvent(RegisteredListener.java:70) ~[paper-api-1.18.1-R0.1-SNAPSHOT.jar:?]
	at org.bukkit.plugin.SimplePluginManager.callEvent(SimplePluginManager.java:628) ~[paper-api-1.18.1-R0.1-SNAPSHOT.jar:?]
	at net.minecraft.server.players.PlayerList.postChunkLoadJoin(PlayerList.java:359) ~[paper-1.18.1.jar:git-Paper-79]
	at net.minecraft.server.players.PlayerList.lambda$placeNewPlayer$1(PlayerList.java:301) ~[paper-1.18.1.jar:git-Paper-79]
	at net.minecraft.server.network.ServerGamePacketListenerImpl.tick(ServerGamePacketListenerImpl.java:307) ~[?:?]
	at net.minecraft.network.Connection.tick(Connection.java:526) ~[?:?]
	at net.minecraft.server.network.ServerConnectionListener.tick(ServerConnectionListener.java:201) ~[?:?]
	at net.minecraft.server.MinecraftServer.tickChildren(MinecraftServer.java:1636) ~[paper-1.18.1.jar:git-Paper-79]
	at net.minecraft.server.dedicated.DedicatedServer.tickChildren(DedicatedServer.java:480) ~[paper-1.18.1.jar:git-Paper-79]
	at net.minecraft.server.MinecraftServer.tickServer(MinecraftServer.java:1470) ~[paper-1.18.1.jar:git-Paper-79]
	at net.minecraft.server.MinecraftServer.runServer(MinecraftServer.java:1264) ~[paper-1.18.1.jar:git-Paper-79]
	at net.minecraft.server.MinecraftServer.lambda$spin$0(MinecraftServer.java:317) ~[paper-1.18.1.jar:git-Paper-79]
	at java.lang.Thread.run(Thread.java:833) ~[?:?]
[18:19:56] [Server thread/INFO]: [+] Baaron1
[18:19:56] [Server thread/INFO]: Baaron1[/73.25.79.140:63301] logged in with entity id 396 at ([world]8308.300000011921, 59.0, 841.3000000119209)
[18:19:59] [Server thread/INFO]: com.mojang.authlib.GameProfile@41be7f39[id=<null>,name=gravitygoesdown,properties={},legacy=false] (/127.0.0.1:57052) lost connection: Disconnected
[18:20:12] [User Authenticator #1/INFO]: UUID of player gravitygoesdown is 762074a0-29cf-4038-b279-1152d4f03810
[18:20:13] [Server thread/ERROR]: Could not pass event PlayerJoinEvent to JoinLeaveMessages v3.6.7
java.lang.IllegalArgumentException: No enum constant org.bukkit.Sound.BLOCK.END_PORTAL_FRAME.FILL
	at java.lang.Enum.valueOf(Enum.java:273) ~[?:?]
	at org.bukkit.Sound.valueOf(Sound.java:13) ~[paper-api-1.18.1-R0.1-SNAPSHOT.jar:?]
	at vb.$joinleavemessages.PluginMain.onPlayerJoinEvent2(PluginMain.java:1867) ~[joinleavemessages-3.6.7.jar:?]
	at com.destroystokyo.paper.event.executor.asm.generated.GeneratedEventExecutor34.execute(Unknown Source) ~[?:?]
	at org.bukkit.plugin.EventExecutor.lambda$create$1(EventExecutor.java:69) ~[paper-api-1.18.1-R0.1-SNAPSHOT.jar:?]
	at co.aikar.timings.TimedEventExecutor.execute(TimedEventExecutor.java:80) ~[paper-api-1.18.1-R0.1-SNAPSHOT.jar:git-Paper-79]
	at org.bukkit.plugin.RegisteredListener.callEvent(RegisteredListener.java:70) ~[paper-api-1.18.1-R0.1-SNAPSHOT.jar:?]
	at org.bukkit.plugin.SimplePluginManager.callEvent(SimplePluginManager.java:628) ~[paper-api-1.18.1-R0.1-SNAPSHOT.jar:?]
	at net.minecraft.server.players.PlayerList.postChunkLoadJoin(PlayerList.java:359) ~[paper-1.18.1.jar:git-Paper-79]
	at net.minecraft.server.players.PlayerList.lambda$placeNewPlayer$1(PlayerList.java:301) ~[paper-1.18.1.jar:git-Paper-79]
	at net.minecraft.server.network.ServerGamePacketListenerImpl.tick(ServerGamePacketListenerImpl.java:307) ~[?:?]
	at net.minecraft.network.Connection.tick(Connection.java:526) ~[?:?]
	at net.minecraft.server.network.ServerConnectionListener.tick(ServerConnectionListener.java:201) ~[?:?]
	at net.minecraft.server.MinecraftServer.tickChildren(MinecraftServer.java:1636) ~[paper-1.18.1.jar:git-Paper-79]
	at net.minecraft.server.dedicated.DedicatedServer.tickChildren(DedicatedServer.java:480) ~[paper-1.18.1.jar:git-Paper-79]
	at net.minecraft.server.MinecraftServer.tickServer(MinecraftServer.java:1470) ~[paper-1.18.1.jar:git-Paper-79]
	at net.minecraft.server.MinecraftServer.runServer(MinecraftServer.java:1264) ~[paper-1.18.1.jar:git-Paper-79]
	at net.minecraft.server.MinecraftServer.lambda$spin$0(MinecraftServer.java:317) ~[paper-1.18.1.jar:git-Paper-79]
	at java.lang.Thread.run(Thread.java:833) ~[?:?]
[18:20:13] [Server thread/INFO]: [DiscordSRV] Player gravitygoesdown joined with silent joining permission, not sending a join message
[18:20:13] [Server thread/INFO]: [+] gravitygoesdown
[18:20:13] [Server thread/INFO]: gravitygoesdown[/10.0.0.44:57055] logged in with entity id 688 at ([world]8390.709623975212, 90.86208659882377, 796.801668991583)
[18:20:18] [Async Chat Thread - #0/INFO]: <[Admin] gravitygoesdown> hi
[18:20:33] [JDA MainWS-ReadThread/INFO]: [DiscordSRV] Chat: [Discord | Member] python1313 > hi
[18:20:42] [Async Chat Thread - #0/INFO]: <Baaron1> hello
[18:21:10] [Server thread/INFO]: gravitygoesdown issued server command: /tp @a
[18:21:25] [Server thread/INFO]: gravitygoesdown issued server command: /tpaall
[18:21:34] [Server thread/INFO]: Baaron1 issued server command: /tpaaccept\
[18:21:35] [Server thread/INFO]: Baaron1 issued server command: /tpaaccept
[18:21:39] [Server thread/INFO]: gravitygoesdown issued server command: /tpall
[18:24:38] [User Authenticator #2/INFO]: UUID of player HumanFingerMan is 2d0912e4-af87-47e0-8538-70e17daf8814
[18:24:38] [Server thread/ERROR]: Could not pass event PlayerJoinEvent to JoinLeaveMessages v3.6.7
java.lang.IllegalArgumentException: No enum constant org.bukkit.Sound.BLOCK.END_PORTAL_FRAME.FILL
	at java.lang.Enum.valueOf(Enum.java:273) ~[?:?]
	at org.bukkit.Sound.valueOf(Sound.java:13) ~[paper-api-1.18.1-R0.1-SNAPSHOT.jar:?]
	at vb.$joinleavemessages.PluginMain.onPlayerJoinEvent2(PluginMain.java:1867) ~[joinleavemessages-3.6.7.jar:?]
	at com.destroystokyo.paper.event.executor.asm.generated.GeneratedEventExecutor34.execute(Unknown Source) ~[?:?]
	at org.bukkit.plugin.EventExecutor.lambda$create$1(EventExecutor.java:69) ~[paper-api-1.18.1-R0.1-SNAPSHOT.jar:?]
	at co.aikar.timings.TimedEventExecutor.execute(TimedEventExecutor.java:80) ~[paper-api-1.18.1-R0.1-SNAPSHOT.jar:git-Paper-79]
	at org.bukkit.plugin.RegisteredListener.callEvent(RegisteredListener.java:70) ~[paper-api-1.18.1-R0.1-SNAPSHOT.jar:?]
	at org.bukkit.plugin.SimplePluginManager.callEvent(SimplePluginManager.java:628) ~[paper-api-1.18.1-R0.1-SNAPSHOT.jar:?]
	at net.minecraft.server.players.PlayerList.postChunkLoadJoin(PlayerList.java:359) ~[paper-1.18.1.jar:git-Paper-79]
	at net.minecraft.server.players.PlayerList.lambda$placeNewPlayer$1(PlayerList.java:301) ~[paper-1.18.1.jar:git-Paper-79]
	at net.minecraft.server.network.ServerGamePacketListenerImpl.tick(ServerGamePacketListenerImpl.java:307) ~[?:?]
	at net.minecraft.network.Connection.tick(Connection.java:526) ~[?:?]
	at net.minecraft.server.network.ServerConnectionListener.tick(ServerConnectionListener.java:201) ~[?:?]
	at net.minecraft.server.MinecraftServer.tickChildren(MinecraftServer.java:1636) ~[paper-1.18.1.jar:git-Paper-79]
	at net.minecraft.server.dedicated.DedicatedServer.tickChildren(DedicatedServer.java:480) ~[paper-1.18.1.jar:git-Paper-79]
	at net.minecraft.server.MinecraftServer.tickServer(MinecraftServer.java:1470) ~[paper-1.18.1.jar:git-Paper-79]
	at net.minecraft.server.MinecraftServer.runServer(MinecraftServer.java:1264) ~[paper-1.18.1.jar:git-Paper-79]
	at net.minecraft.server.MinecraftServer.lambda$spin$0(MinecraftServer.java:317) ~[paper-1.18.1.jar:git-Paper-79]
	at java.lang.Thread.run(Thread.java:833) ~[?:?]
[18:24:38] [Server thread/INFO]: [+] HumanFingerMan
[18:24:38] [Server thread/INFO]: HumanFingerMan[/71.193.250.71:52783] logged in with entity id 1273 at ([world]7628.02677732077, 72.0, -2136.1847308392794)
[18:24:49] [Async Chat Thread - #1/INFO]: <[Admin] gravitygoesdown> hi
[18:26:40] [Server thread/INFO]: gravitygoesdown issued server command: /lp applyedits JrocGAtCty
[18:26:58] [Server thread/INFO]: gravitygoesdown issued server command: /lp editor
[18:29:02] [Server thread/INFO]: gravitygoesdown issued server command: /lp applyedits ISq7qBPlXj
[18:29:03] [luckperms-command-executor/INFO]: [LP] LOG > (gravitygoesdown) [G] (world-edit)
[18:29:03] [luckperms-command-executor/INFO]: [LP] LOG > webeditor add displayname.W/E true
[18:29:03] [luckperms-command-executor/INFO]: [LP] LOG > (gravitygoesdown) [G] (world-edit)
[18:29:03] [luckperms-command-executor/INFO]: [LP] LOG > webeditor add worldedit.* true
[18:29:21] [Server thread/INFO]: gravitygoesdown issued server command: /lp user Baaron1
[18:29:33] [Server thread/INFO]: HumanFingerMan issued server command: /trigger tpa add 20
[18:29:33] [Server thread/INFO]: [HumanFingerMan: Triggered [tpa] (added 20 to value)]
[18:29:36] [Server thread/INFO]: HumanFingerMan issued server command: /trigger tpa add 10
[18:29:36] [Server thread/INFO]: [HumanFingerMan: Triggered [tpa] (added 10 to value)]
[18:29:40] [Server thread/INFO]: gravitygoesdown issued server command: /lp user Baaron1 parent set world-edit
[18:29:40] [luckperms-command-executor/INFO]: [LP] LOG > (gravitygoesdown) [U] (baaron1)
[18:29:40] [luckperms-command-executor/INFO]: [LP] LOG > parent set world-edit
[18:29:55] [Server thread/INFO]: Baaron1 issued server command: //br
[18:30:56] [Server thread/INFO]: gravitygoesdown issued server command: /gamemode spectator
[18:30:58] [Server thread/WARN]: gravitygoesdown moved too quickly! -678.382172797732,-28.281688102146077,-2950.441239346545
[18:31:05] [Server thread/INFO]: gravitygoesdown issued server command: /gamemode creative
[18:31:10] [Server thread/INFO]: gravitygoesdown issued server command: /gamemode spectator
[18:31:14] [Server thread/INFO]: gravitygoesdown issued server command: /gamemode creative
[18:31:29] [Server thread/INFO]: CommandBlock at 58,56,88 issued server command: /clear @a
[18:31:29] [Server thread/INFO]: CommandBlock at 58,57,85 issued server command: /give @a writable_book{display:{Name:'[{"text":"Notebook","italic":false,"bold":true}]',Lore:['[{"text":"Who do YOU think did","italic":false,"color":"gray"}]','[{"text":"it? Write who you","italic":false,"color":"gray"}]','[{"text":"think is the monster","italic":false,"color":"gray"}]','[{"text":"as well as other","italic":false,"color":"gray"}]','[{"text":"important ","italic":false,"color":"gray"},{"text":"info."}]']}} 1
[18:31:29] [Server thread/INFO]: CommandBlock at 58,57,86 issued server command: /gamemode adventure @a
[18:31:29] [Server thread/INFO]: CommandBlock at 58,57,82 issued server command: /tp @a 21 61 61
[18:31:29] [Server thread/INFO]: CommandBlock at 58,57,75 issued server command: /gamemode adventure @a
[18:31:29] [Server thread/INFO]: CommandBlock at 58,57,76 issued server command: /give @r iron_sword{display:{Name:'[{"text":"Cursed Sword ","italic":false,"color":"red","bold":true},{"text":"?","italic":false,"color":"red","bold":false}]',Lore:['[{"text":"Hide this weapon because","italic":false,"color":"gray"},{"text":"","italic":false,"color":"dark_purple"}]','[{"text":"if they find out about it,","italic":false,"color":"gray"}]','[{"text":"Your Dead ","italic":false,"color":"gray"},{"text":"Meat","color":"red"}]']},Enchantments:[{id:sharpness,lvl:5}]} 1
[18:31:29] [Server thread/INFO]: CommandBlock at 57,57,85 issued server command: /give @a minecraft:bread 5
[18:31:36] [Server thread/INFO]: HumanFingerMan issued server command: /trigger tpa add 10
[18:31:36] [Server thread/INFO]: [HumanFingerMan: Triggered [tpa] (added 10 to value)]
[18:31:40] [Server thread/INFO]: Baaron1 issued server command: /trigger tpaccept
[18:31:40] [Server thread/INFO]: [Baaron1: Triggered [tpaccept]]
[18:32:09] [Server thread/INFO]: Baaron1 issued server command: /trigger tpa set 4
[18:32:09] [Server thread/INFO]: [Baaron1: Triggered [tpa] (set value to 4)]
[18:32:15] [Server thread/INFO]: HumanFingerMan issued server command: /trigger tpaccept
[18:32:15] [Server thread/INFO]: [HumanFingerMan: Triggered [tpaccept]]
[18:32:58] [Server thread/INFO]: HumanFingerMan issued server command: /trigger tpaccept
[18:32:58] [Server thread/INFO]: [HumanFingerMan: Triggered [tpaccept]]
[18:33:24] [Server thread/INFO]: Baaron1 issued server command: /trigger tpa set 4
[18:33:24] [Server thread/INFO]: [Baaron1: Triggered [tpa] (set value to 4)]
[18:33:25] [Server thread/INFO]: HumanFingerMan issued server command: /trigger tpaccept
[18:33:25] [Server thread/INFO]: [HumanFingerMan: Triggered [tpaccept]]
[18:33:43] [Server thread/INFO]: Baaron1 issued server command: /trigger home
[18:33:43] [Server thread/INFO]: [Baaron1: Triggered [Home]]
[18:35:39] [Server thread/INFO]: HumanFingerMan issued server command: /trigger tpa add 10
[18:35:39] [Server thread/INFO]: [HumanFingerMan: Triggered [tpa] (added 10 to value)]
[18:37:49] [Server thread/INFO]: HumanFingerMan issued server command: /trigger tpa add 1
[18:37:49] [Server thread/INFO]: [HumanFingerMan: Triggered [tpa] (added 1 to value)]
[18:38:34] [Server thread/INFO]: HumanFingerMan lost connection: Disconnected
[18:38:34] [Server thread/INFO]: [-] HumanFingerMan
